[0317/215247.036:ERROR:process_memory_win.cc(73)] ReadMemory at 0x7ffacf590000 of 64 bytes failed: Only part of a ReadProcessMemory or WriteProcessMemory request was completed. (0x12B)
[0317/215247.036:WARNING:pe_image_reader.cc(302)] could not read dos header from C:\Windows\SYSTEM32\VERSION.dll
[0317/215247.036:ERROR:process_memory_win.cc(73)] ReadMemory at 0x7ffaddda0000 of 64 bytes failed: Only part of a ReadProcessMemory or WriteProcessMemory request was completed. (0x12B)
[0317/215247.036:WARNING:pe_image_reader.cc(302)] could not read dos header from C:\Windows\system32\SHLWAPI.dll
[0317/215247.036:ERROR:process_memory_win.cc(73)] ReadMemory at 0x7ffad6420000 of 64 bytes failed: Only part of a ReadProcessMemory or WriteProcessMemory request was completed. (0x12B)
[0317/215247.036:WARNING:pe_image_reader.cc(302)] could not read dos header from C:\Windows\SYSTEM32\WINMM.dll
[0317/215247.036:ERROR:process_memory_win.cc(73)] ReadMemory at 0x7ffadab70000 of 64 bytes failed: Only part of a ReadProcessMemory or WriteProcessMemory request was completed. (0x12B)
[0317/215247.036:WARNING:pe_image_reader.cc(302)] could not read dos header from C:\Windows\SYSTEM32\USERENV.dll
[0317/215247.036:ERROR:process_memory_win.cc(73)] ReadMemory at 0x7ffadbee0000 of 64 bytes failed: Only part of a ReadProcessMemory or WriteProcessMemory request was completed. (0x12B)
[0317/215247.036:WARNING:pe_image_reader.cc(302)] could not read dos header from C:\Windows\system32\PSAPI.DLL
[0317/215247.036:ERROR:process_memory_win.cc(73)] ReadMemory at 0x33d6d90000 of 64 bytes failed: Only part of a ReadProcessMemory or WriteProcessMemory request was completed. (0x12B)
[0317/215247.036:WARNING:pe_image_reader.cc(302)] could not read dos header from C:\Windows\system32\msvcrt.dll
[0317/215247.036:ERROR:process_memory_win.cc(73)] ReadMemory at 0x7ffaddec0000 of 64 bytes failed: Only part of a ReadProcessMemory or WriteProcessMemory request was completed. (0x12B)
[0317/215247.036:WARNING:pe_image_reader.cc(302)] could not read dos header from C:\Windows\SYSTEM32\combase.dll
[0317/215247.036:ERROR:process_memory_win.cc(73)] ReadMemory at 0x7ffadc2f0000 of 64 bytes failed: Only part of a ReadProcessMemory or WriteProcessMemory request was completed. (0x12B)
[0317/215247.036:WARNING:pe_image_reader.cc(302)] could not read dos header from C:\Windows\system32\GDI32.dll
[0317/215247.036:ERROR:process_memory_win.cc(73)] ReadMemory at 0x7ffaddba0000 of 64 bytes failed: Only part of a ReadProcessMemory or WriteProcessMemory request was completed. (0x12B)
[0317/215247.036:WARNING:pe_image_reader.cc(302)] could not read dos header from C:\Windows\SYSTEM32\sechost.dll
[0317/215247.036:ERROR:process_memory_win.cc(73)] ReadMemory at 0x33d6e40000 of 64 bytes failed: Only part of a ReadProcessMemory or WriteProcessMemory request was completed. (0x12B)
[0317/215247.036:WARNING:pe_image_reader.cc(302)] could not read dos header from C:\Windows\system32\RPCRT4.dll
[0317/215247.036:ERROR:process_memory_win.cc(73)] ReadMemory at 0x7ffad63f0000 of 64 bytes failed: Only part of a ReadProcessMemory or WriteProcessMemory request was completed. (0x12B)
[0317/215247.036:WARNING:pe_image_reader.cc(302)] could not read dos header from C:\Windows\SYSTEM32\WINMMBASE.dll
[0317/215247.036:ERROR:process_memory_win.cc(73)] ReadMemory at 0x7ffadb5b0000 of 64 bytes failed: Only part of a ReadProcessMemory or WriteProcessMemory request was completed. (0x12B)
[0317/215247.036:WARNING:pe_image_reader.cc(302)] could not read dos header from C:\Windows\SYSTEM32\profapi.dll
[0317/215247.036:ERROR:process_memory_win.cc(73)] ReadMemory at 0x7ffadb790000 of 64 bytes failed: Only part of a ReadProcessMemory or WriteProcessMemory request was completed. (0x12B)
[0317/215247.036:WARNING:pe_image_reader.cc(302)] could not read dos header from C:\Windows\system32\SspiCli.dll
[0317/215247.036:ERROR:process_memory_win.cc(73)] ReadMemory at 0x7ffadb7c0000 of 64 bytes failed: Only part of a ReadProcessMemory or WriteProcessMemory request was completed. (0x12B)
[0317/215247.036:WARNING:pe_image_reader.cc(302)] could not read dos header from C:\Windows\SYSTEM32\cfgmgr32.dll
[0317/215247.036:ERROR:process_memory_win.cc(73)] ReadMemory at 0x7ffada3d0000 of 64 bytes failed: Only part of a ReadProcessMemory or WriteProcessMemory request was completed. (0x12B)
[0317/215247.036:WARNING:pe_image_reader.cc(302)] could not read dos header from C:\Windows\SYSTEM32\DEVOBJ.dll
[0317/215247.036:ERROR:process_memory_win.cc(73)] ReadMemory at 0x7ffadb420000 of 64 bytes failed: Only part of a ReadProcessMemory or WriteProcessMemory request was completed. (0x12B)
[0317/215247.036:WARNING:pe_image_reader.cc(302)] could not read dos header from C:\Windows\SYSTEM32\CRYPTBASE.DLL
[0317/215247.036:ERROR:process_memory_win.cc(73)] ReadMemory at 0x7ffadb3b0000 of 64 bytes failed: Only part of a ReadProcessMemory or WriteProcessMemory request was completed. (0x12B)
[0317/215247.036:WARNING:pe_image_reader.cc(302)] could not read dos header from C:\Windows\SYSTEM32\bcryptPrimitives.dll
[0317/215247.036:ERROR:process_memory_win.cc(73)] ReadMemory at 0x7ffadc2b0000 of 64 bytes failed: Only part of a ReadProcessMemory or WriteProcessMemory request was completed. (0x12B)
[0317/215247.036:WARNING:pe_image_reader.cc(302)] could not read dos header from C:\Windows\system32\IMM32.DLL
[0317/215247.036:ERROR:process_memory_win.cc(73)] ReadMemory at 0x7ffadbcd0000 of 64 bytes failed: Only part of a ReadProcessMemory or WriteProcessMemory request was completed. (0x12B)
[0317/215247.036:WARNING:pe_image_reader.cc(302)] could not read dos header from C:\Windows\system32\MSCTF.dll
[0317/215247.036:ERROR:process_memory_win.cc(73)] ReadMemory at 0x7ffad98d0000 of 64 bytes failed: Only part of a ReadProcessMemory or WriteProcessMemory request was completed. (0x12B)
[0317/215247.036:WARNING:pe_image_reader.cc(302)] could not read dos header from C:\Windows\SYSTEM32\shcore.dll
[0317/215247.036:ERROR:process_memory_win.cc(73)] ReadMemory at 0x7ffa9e400000 of 64 bytes failed: Only part of a ReadProcessMemory or WriteProcessMemory request was completed. (0x12B)
[0317/215247.036:WARNING:pe_image_reader.cc(302)] could not read dos header from C:\Program Files (x86)\Google\Chrome\Application\72.0.3626.121\chrome_child.dll
[0317/215247.036:ERROR:process_memory_win.cc(73)] ReadMemory at 0x7ffade2e0000 of 64 bytes failed: Only part of a ReadProcessMemory or WriteProcessMemory request was completed. (0x12B)
[0317/215247.036:WARNING:pe_image_reader.cc(302)] could not read dos header from C:\Windows\system32\WS2_32.dll
[0317/215247.036:ERROR:process_memory_win.cc(73)] ReadMemory at 0x7ffad7e40000 of 64 bytes failed: Only part of a ReadProcessMemory or WriteProcessMemory request was completed. (0x12B)
[0317/215247.036:WARNING:pe_image_reader.cc(302)] could not read dos header from C:\Windows\SYSTEM32\IPHLPAPI.DLL
[0317/215247.036:ERROR:process_memory_win.cc(73)] ReadMemory at 0x7ffaddc00000 of 64 bytes failed: Only part of a ReadProcessMemory or WriteProcessMemory request was completed. (0x12B)
[0317/215247.036:WARNING:pe_image_reader.cc(302)] could not read dos header from C:\Windows\system32\ole32.dll
[0317/215247.036:ERROR:process_memory_win.cc(73)] ReadMemory at 0x7ffadbef0000 of 64 bytes failed: Only part of a ReadProcessMemory or WriteProcessMemory request was completed. (0x12B)
[0317/215247.036:WARNING:pe_image_reader.cc(302)] could not read dos header from C:\Windows\system32\OLEAUT32.dll
[0317/215247.036:ERROR:process_memory_win.cc(73)] ReadMemory at 0x7ffad77b0000 of 64 bytes failed: Only part of a ReadProcessMemory or WriteProcessMemory request was completed. (0x12B)
[0317/215247.036:WARNING:pe_image_reader.cc(302)] could not read dos header from C:\Windows\SYSTEM32\OLEACC.dll
[0317/215247.036:ERROR:process_memory_win.cc(73)] ReadMemory at 0x7ffadb730000 of 64 bytes failed: Only part of a ReadProcessMemory or WriteProcessMemory request was completed. (0x12B)
[0317/215247.036:WARNING:pe_image_reader.cc(302)] could not read dos header from C:\Windows\system32\WINTRUST.dll
[0317/215247.036:ERROR:process_memory_win.cc(73)] ReadMemory at 0x7ffad8c90000 of 64 bytes failed: Only part of a ReadProcessMemory or WriteProcessMemory request was completed. (0x12B)
[0317/215247.036:WARNING:pe_image_reader.cc(302)] could not read dos header from C:\Windows\SYSTEM32\DWrite.dll
[0317/215247.036:ERROR:process_memory_win.cc(73)] ReadMemory at 0x7ffad93d0000 of 64 bytes failed: Only part of a ReadProcessMemory or WriteProcessMemory request was completed. (0x12B)
[0317/215247.036:WARNING:pe_image_reader.cc(302)] could not read dos header from C:\Windows\SYSTEM32\dxgi.dll
[0317/215247.036:ERROR:process_memory_win.cc(73)] ReadMemory at 0x7ffacfdd0000 of 64 bytes failed: Only part of a ReadProcessMemory or WriteProcessMemory request was completed. (0x12B)
[0317/215247.036:WARNING:pe_image_reader.cc(302)] could not read dos header from C:\Windows\SYSTEM32\WINSPOOL.DRV
[0317/215247.036:ERROR:process_memory_win.cc(73)] ReadMemory at 0x7ffacde20000 of 64 bytes failed: Only part of a ReadProcessMemory or WriteProcessMemory request was completed. (0x12B)
[0317/215247.036:WARNING:pe_image_reader.cc(302)] could not read dos header from C:\Windows\SYSTEM32\dbghelp.dll
[0317/215247.036:ERROR:process_memory_win.cc(73)] ReadMemory at 0x7ffad9f90000 of 64 bytes failed: Only part of a ReadProcessMemory or WriteProcessMemory request was completed. (0x12B)
[0317/215247.036:WARNING:pe_image_reader.cc(302)] could not read dos header from C:\Windows\SYSTEM32\USP10.dll
[0317/215247.036:ERROR:process_memory_win.cc(73)] ReadMemory at 0x7ffadbfc0000 of 64 bytes failed: Only part of a ReadProcessMemory or WriteProcessMemory request was completed. (0x12B)
[0317/215247.036:WARNING:pe_image_reader.cc(302)] could not read dos header from C:\Windows\system32\COMDLG32.dll
[0317/215247.036:ERROR:process_memory_win.cc(73)] ReadMemory at 0x7ffadb930000 of 64 bytes failed: Only part of a ReadProcessMemory or WriteProcessMemory request was completed. (0x12B)
[0317/215247.036:WARNING:pe_image_reader.cc(302)] could not read dos header from C:\Windows\system32\CRYPT32.dll
[0317/215247.036:ERROR:process_memory_win.cc(73)] ReadMemory at 0x7ffacdfb0000 of 64 bytes failed: Only part of a ReadProcessMemory or WriteProcessMemory request was completed. (0x12B)
[0317/215247.036:WARNING:pe_image_reader.cc(302)] could not read dos header from C:\Windows\SYSTEM32\WINHTTP.dll
[0317/215247.036:ERROR:process_memory_win.cc(73)] ReadMemory at 0x7ffad1c80000 of 64 bytes failed: Only part of a ReadProcessMemory or WriteProcessMemory request was completed. (0x12B)
[0317/215247.036:WARNING:pe_image_reader.cc(302)] could not read dos header from C:\Windows\SYSTEM32\urlmon.dll
[0317/215247.036:ERROR:process_memory_win.cc(73)] ReadMemory at 0x7ffad7e70000 of 64 bytes failed: Only part of a ReadProcessMemory or WriteProcessMemory request was completed. (0x12B)
[0317/215247.036:WARNING:pe_image_reader.cc(302)] could not read dos header from C:\Windows\SYSTEM32\Secur32.dll
[0317/215247.036:ERROR:process_memory_win.cc(73)] ReadMemory at 0x7ffad48b0000 of 64 bytes failed: Only part of a ReadProcessMemory or WriteProcessMemory request was completed. (0x12B)
[0317/215247.036:WARNING:pe_image_reader.cc(302)] could not read dos header from C:\Windows\SYSTEM32\dhcpcsvc.DLL
[0317/215247.036:ERROR:process_memory_win.cc(73)] ReadMemory at 0x7ffaddb90000 of 64 bytes failed: Only part of a ReadProcessMemory or WriteProcessMemory request was completed. (0x12B)
[0317/215247.036:WARNING:pe_image_reader.cc(302)] could not read dos header from C:\Windows\system32\NSI.dll
[0317/215247.036:ERROR:process_memory_win.cc(73)] ReadMemory at 0x7ffad7cf0000 of 64 bytes failed: Only part of a ReadProcessMemory or WriteProcessMemory request was completed. (0x12B)
[0317/215247.036:WARNING:pe_image_reader.cc(302)] could not read dos header from C:\Windows\SYSTEM32\WINNSI.DLL
[0317/215247.036:ERROR:process_memory_win.cc(73)] ReadMemory at 0x7ffadb660000 of 64 bytes failed: Only part of a ReadProcessMemory or WriteProcessMemory request was completed. (0x12B)
[0317/215247.036:WARNING:pe_image_reader.cc(302)] could not read dos header from C:\Windows\system32\MSASN1.dll
[0317/215247.036:ERROR:process_memory_win.cc(73)] ReadMemory at 0x7ffad9150000 of 64 bytes failed: Only part of a ReadProcessMemory or WriteProcessMemory request was completed. (0x12B)
[0317/215247.036:WARNING:pe_image_reader.cc(302)] could not read dos header from C:\Windows\WinSxS\amd64_microsoft.windows.common-controls_6595b64144ccf1df_6.0.9600.18006_none_623f33d3ecbe86e8\COMCTL32.dll
[0317/215247.036:ERROR:process_memory_win.cc(73)] ReadMemory at 0x7ffad5000000 of 64 bytes failed: Only part of a ReadProcessMemory or WriteProcessMemory request was completed. (0x12B)
[0317/215247.036:WARNING:pe_image_reader.cc(302)] could not read dos header from C:\Windows\SYSTEM32\iertutil.dll
[0317/215247.036:ERROR:process_memory_win.cc(73)] ReadMemory at 0x7ffad52d0000 of 64 bytes failed: Only part of a ReadProcessMemory or WriteProcessMemory request was completed. (0x12B)
[0317/215247.036:WARNING:pe_image_reader.cc(302)] could not read dos header from C:\Windows\SYSTEM32\WININET.dll
[0317/215247.051:ERROR:process_memory_win.cc(73)] ReadMemory at 0x7ff7f7f10000 of 64 bytes failed: Only part of a ReadProcessMemory or WriteProcessMemory request was completed. (0x12B)
[0317/215247.051:WARNING:pe_image_reader.cc(302)] could not read dos header from C:\Program Files (x86)\Google\Chrome\Application\chrome.exe
[0317/215247.051:ERROR:process_memory_win.cc(73)] ReadMemory at 0x7ffade480000 of 64 bytes failed: Only part of a ReadProcessMemory or WriteProcessMemory request was completed. (0x12B)
[0317/215247.051:WARNING:pe_image_reader.cc(302)] could not read dos header from C:\Windows\SYSTEM32\ntdll.dll
[0317/215247.051:ERROR:process_memory_win.cc(73)] ReadMemory at 0x7ffade340000 of 64 bytes failed: Only part of a ReadProcessMemory or WriteProcessMemory request was completed. (0x12B)
[0317/215247.051:WARNING:pe_image_reader.cc(302)] could not read dos header from C:\Windows\system32\KERNEL32.DLL
[0317/215247.051:ERROR:process_memory_win.cc(73)] ReadMemory at 0x7ffadb810000 of 64 bytes failed: Only part of a ReadProcessMemory or WriteProcessMemory request was completed. (0x12B)
[0317/215247.051:WARNING:pe_image_reader.cc(302)] could not read dos header from C:\Windows\system32\KERNELBASE.dll
[0317/215247.051:ERROR:process_memory_win.cc(73)] ReadMemory at 0x7ffad7a00000 of 64 bytes failed: Only part of a ReadProcessMemory or WriteProcessMemory request was completed. (0x12B)
[0317/215247.051:WARNING:pe_image_reader.cc(302)] could not read dos header from C:\Program Files (x86)\Google\Chrome\Application\72.0.3626.121\chrome_elf.dll
[0317/215247.051:ERROR:process_memory_win.cc(73)] ReadMemory at 0x7ffadc440000 of 64 bytes failed: Only part of a ReadProcessMemory or WriteProcessMemory request was completed. (0x12B)
[0317/215247.051:WARNING:pe_image_reader.cc(302)] could not read dos header from C:\Windows\system32\SHELL32.dll
[0317/215247.051:ERROR:process_memory_win.cc(73)] ReadMemory at 0x7ffadbe30000 of 64 bytes failed: Only part of a ReadProcessMemory or WriteProcessMemory request was completed. (0x12B)
[0317/215247.051:WARNING:pe_image_reader.cc(302)] could not read dos header from C:\Windows\system32\ADVAPI32.dll
[0317/215247.051:ERROR:process_memory_win.cc(73)] ReadMemory at 0x7ffadc080000 of 64 bytes failed: Only part of a ReadProcessMemory or WriteProcessMemory request was completed. (0x12B)
[0317/215247.051:WARNING:pe_image_reader.cc(302)] could not read dos header from C:\Windows\system32\USER32.dll
[0317/215247.051:ERROR:process_memory_win.cc(73)] ReadMemory at 0x7ffacf590000 of 64 bytes failed: Only part of a ReadProcessMemory or WriteProcessMemory request was completed. (0x12B)
[0317/215247.051:WARNING:pe_image_reader.cc(302)] could not read dos header from C:\Windows\SYSTEM32\VERSION.dll
[0317/215247.051:ERROR:process_memory_win.cc(73)] ReadMemory at 0x7ffaddda0000 of 64 bytes failed: Only part of a ReadProcessMemory or WriteProcessMemory request was completed. (0x12B)
[0317/215247.051:WARNING:pe_image_reader.cc(302)] could not read dos header from C:\Windows\system32\SHLWAPI.dll
[0317/215247.051:ERROR:process_memory_win.cc(73)] ReadMemory at 0x7ffad6420000 of 64 bytes failed: Only part of a ReadProcessMemory or WriteProcessMemory request was completed. (0x12B)
[0317/215247.051:WARNING:pe_image_reader.cc(302)] could not read dos header from C:\Windows\SYSTEM32\WINMM.dll
[0317/215247.051:ERROR:process_memory_win.cc(73)] ReadMemory at 0x7ffadab70000 of 64 bytes failed: Only part of a ReadProcessMemory or WriteProcessMemory request was completed. (0x12B)
[0317/215247.051:WARNING:pe_image_reader.cc(302)] could not read dos header from C:\Windows\SYSTEM32\USERENV.dll
[0317/215247.051:ERROR:process_memory_win.cc(73)] ReadMemory at 0x7ffadbee0000 of 64 bytes failed: Only part of a ReadProcessMemory or WriteProcessMemory request was completed. (0x12B)
[0317/215247.051:WARNING:pe_image_reader.cc(302)] could not read dos header from C:\Windows\system32\PSAPI.DLL
[0317/215247.051:ERROR:process_memory_win.cc(73)] ReadMemory at 0x33d6d90000 of 64 bytes failed: Only part of a ReadProcessMemory or WriteProcessMemory request was completed. (0x12B)
[0317/215247.051:WARNING:pe_image_reader.cc(302)] could not read dos header from C:\Windows\system32\msvcrt.dll
[0317/215247.051:ERROR:process_memory_win.cc(73)] ReadMemory at 0x7ffaddec0000 of 64 bytes failed: Only part of a ReadProcessMemory or WriteProcessMemory request was completed. (0x12B)
[0317/215247.051:WARNING:pe_image_reader.cc(302)] could not read dos header from C:\Windows\SYSTEM32\combase.dll
[0317/215247.051:ERROR:process_memory_win.cc(73)] ReadMemory at 0x7ffadc2f0000 of 64 bytes failed: Only part of a ReadProcessMemory or WriteProcessMemory request was completed. (0x12B)
[0317/215247.051:WARNING:pe_image_reader.cc(302)] could not read dos header from C:\Windows\system32\GDI32.dll
[0317/215247.051:ERROR:process_memory_win.cc(73)] ReadMemory at 0x7ffaddba0000 of 64 bytes failed: Only part of a ReadProcessMemory or WriteProcessMemory request was completed. (0x12B)
[0317/215247.051:WARNING:pe_image_reader.cc(302)] could not read dos header from C:\Windows\SYSTEM32\sechost.dll
[0317/215247.051:ERROR:process_memory_win.cc(73)] ReadMemory at 0x33d6e40000 of 64 bytes failed: Only part of a ReadProcessMemory or WriteProcessMemory request was completed. (0x12B)
[0317/215247.051:WARNING:pe_image_reader.cc(302)] could not read dos header from C:\Windows\system32\RPCRT4.dll
[0317/215247.051:ERROR:process_memory_win.cc(73)] ReadMemory at 0x7ffad63f0000 of 64 bytes failed: Only part of a ReadProcessMemory or WriteProcessMemory request was completed. (0x12B)
[0317/215247.051:WARNING:pe_image_reader.cc(302)] could not read dos header from C:\Windows\SYSTEM32\WINMMBASE.dll
[0317/215247.051:ERROR:process_memory_win.cc(73)] ReadMemory at 0x7ffadb5b0000 of 64 bytes failed: Only part of a ReadProcessMemory or WriteProcessMemory request was completed. (0x12B)
[0317/215247.051:WARNING:pe_image_reader.cc(302)] could not read dos header from C:\Windows\SYSTEM32\profapi.dll
[0317/215247.051:ERROR:process_memory_win.cc(73)] ReadMemory at 0x7ffadb790000 of 64 bytes failed: Only part of a ReadProcessMemory or WriteProcessMemory request was completed. (0x12B)
[0317/215247.051:WARNING:pe_image_reader.cc(302)] could not read dos header from C:\Windows\system32\SspiCli.dll
[0317/215247.051:ERROR:process_memory_win.cc(73)] ReadMemory at 0x7ffadb7c0000 of 64 bytes failed: Only part of a ReadProcessMemory or WriteProcessMemory request was completed. (0x12B)
[0317/215247.051:WARNING:pe_image_reader.cc(302)] could not read dos header from C:\Windows\SYSTEM32\cfgmgr32.dll
[0317/215247.051:ERROR:process_memory_win.cc(73)] ReadMemory at 0x7ffada3d0000 of 64 bytes failed: Only part of a ReadProcessMemory or WriteProcessMemory request was completed. (0x12B)
[0317/215247.051:WARNING:pe_image_reader.cc(302)] could not read dos header from C:\Windows\SYSTEM32\DEVOBJ.dll
[0317/215247.051:ERROR:process_memory_win.cc(73)] ReadMemory at 0x7ffadb420000 of 64 bytes failed: Only part of a ReadProcessMemory or WriteProcessMemory request was completed. (0x12B)
[0317/215247.051:WARNING:pe_image_reader.cc(302)] could not read dos header from C:\Windows\SYSTEM32\CRYPTBASE.DLL
[0317/215247.051:ERROR:process_memory_win.cc(73)] ReadMemory at 0x7ffadb3b0000 of 64 bytes failed: Only part of a ReadProcessMemory or WriteProcessMemory request was completed. (0x12B)
[0317/215247.051:WARNING:pe_image_reader.cc(302)] could not read dos header from C:\Windows\SYSTEM32\bcryptPrimitives.dll
[0317/215247.051:ERROR:process_memory_win.cc(73)] ReadMemory at 0x7ffadc2b0000 of 64 bytes failed: Only part of a ReadProcessMemory or WriteProcessMemory request was completed. (0x12B)
[0317/215247.051:WARNING:pe_image_reader.cc(302)] could not read dos header from C:\Windows\system32\IMM32.DLL
[0317/215247.051:ERROR:process_memory_win.cc(73)] ReadMemory at 0x7ffadbcd0000 of 64 bytes failed: Only part of a ReadProcessMemory or WriteProcessMemory request was completed. (0x12B)
[0317/215247.051:WARNING:pe_image_reader.cc(302)] could not read dos header from C:\Windows\system32\MSCTF.dll
[0317/215247.051:ERROR:process_memory_win.cc(73)] ReadMemory at 0x7ffad98d0000 of 64 bytes failed: Only part of a ReadProcessMemory or WriteProcessMemory request was completed. (0x12B)
[0317/215247.051:WARNING:pe_image_reader.cc(302)] could not read dos header from C:\Windows\SYSTEM32\shcore.dll
[0317/215247.051:ERROR:process_memory_win.cc(73)] ReadMemory at 0x7ffa9e400000 of 64 bytes failed: Only part of a ReadProcessMemory or WriteProcessMemory request was completed. (0x12B)
[0317/215247.051:WARNING:pe_image_reader.cc(302)] could not read dos header from C:\Program Files (x86)\Google\Chrome\Application\72.0.3626.121\chrome_child.dll
[0317/215247.051:ERROR:process_memory_win.cc(73)] ReadMemory at 0x7ffade2e0000 of 64 bytes failed: Only part of a ReadProcessMemory or WriteProcessMemory request was completed. (0x12B)
[0317/215247.051:WARNING:pe_image_reader.cc(302)] could not read dos header from C:\Windows\system32\WS2_32.dll
[0317/215247.051:ERROR:process_memory_win.cc(73)] ReadMemory at 0x7ffad7e40000 of 64 bytes failed: Only part of a ReadProcessMemory or WriteProcessMemory request was completed. (0x12B)
[0317/215247.051:WARNING:pe_image_reader.cc(302)] could not read dos header from C:\Windows\SYSTEM32\IPHLPAPI.DLL
[0317/215247.051:ERROR:process_memory_win.cc(73)] ReadMemory at 0x7ffaddc00000 of 64 bytes failed: Only part of a ReadProcessMemory or WriteProcessMemory request was completed. (0x12B)
[0317/215247.051:WARNING:pe_image_reader.cc(302)] could not read dos header from C:\Windows\system32\ole32.dll
[0317/215247.051:ERROR:process_memory_win.cc(73)] ReadMemory at 0x7ffadbef0000 of 64 bytes failed: Only part of a ReadProcessMemory or WriteProcessMemory request was completed. (0x12B)
[0317/215247.051:WARNING:pe_image_reader.cc(302)] could not read dos header from C:\Windows\system32\OLEAUT32.dll
[0317/215247.051:ERROR:process_memory_win.cc(73)] ReadMemory at 0x7ffad77b0000 of 64 bytes failed: Only part of a ReadProcessMemory or WriteProcessMemory request was completed. (0x12B)
[0317/215247.051:WARNING:pe_image_reader.cc(302)] could not read dos header from C:\Windows\SYSTEM32\OLEACC.dll
[0317/215247.051:ERROR:process_memory_win.cc(73)] ReadMemory at 0x7ffadb730000 of 64 bytes failed: Only part of a ReadProcessMemory or WriteProcessMemory request was completed. (0x12B)
[0317/215247.051:WARNING:pe_image_reader.cc(302)] could not read dos header from C:\Windows\system32\WINTRUST.dll
[0317/215247.051:ERROR:process_memory_win.cc(73)] ReadMemory at 0x7ffad8c90000 of 64 bytes failed: Only part of a ReadProcessMemory or WriteProcessMemory request was completed. (0x12B)
[0317/215247.051:WARNING:pe_image_reader.cc(302)] could not read dos header from C:\Windows\SYSTEM32\DWrite.dll
[0317/215247.051:ERROR:process_memory_win.cc(73)] ReadMemory at 0x7ffad93d0000 of 64 bytes failed: Only part of a ReadProcessMemory or WriteProcessMemory request was completed. (0x12B)
[0317/215247.051:WARNING:pe_image_reader.cc(302)] could not read dos header from C:\Windows\SYSTEM32\dxgi.dll
[0317/215247.051:ERROR:process_memory_win.cc(73)] ReadMemory at 0x7ffacfdd0000 of 64 bytes failed: Only part of a ReadProcessMemory or WriteProcessMemory request was completed. (0x12B)
[0317/215247.051:WARNING:pe_image_reader.cc(302)] could not read dos header from C:\Windows\SYSTEM32\WINSPOOL.DRV
[0317/215247.051:ERROR:process_memory_win.cc(73)] ReadMemory at 0x7ffacde20000 of 64 bytes failed: Only part of a ReadProcessMemory or WriteProcessMemory request was completed. (0x12B)
[0317/215247.051:WARNING:pe_image_reader.cc(302)] could not read dos header from C:\Windows\SYSTEM32\dbghelp.dll
[0317/215247.051:ERROR:process_memory_win.cc(73)] ReadMemory at 0x7ffad9f90000 of 64 bytes failed: Only part of a ReadProcessMemory or WriteProcessMemory request was completed. (0x12B)
[0317/215247.051:WARNING:pe_image_reader.cc(302)] could not read dos header from C:\Windows\SYSTEM32\USP10.dll
[0317/215247.051:ERROR:process_memory_win.cc(73)] ReadMemory at 0x7ffadbfc0000 of 64 bytes failed: Only part of a ReadProcessMemory or WriteProcessMemory request was completed. (0x12B)
[0317/215247.051:WARNING:pe_image_reader.cc(302)] could not read dos header from C:\Windows\system32\COMDLG32.dll
[0317/215247.051:ERROR:process_memory_win.cc(73)] ReadMemory at 0x7ffadb930000 of 64 bytes failed: Only part of a ReadProcessMemory or WriteProcessMemory request was completed. (0x12B)
[0317/215247.051:WARNING:pe_image_reader.cc(302)] could not read dos header from C:\Windows\system32\CRYPT32.dll
[0317/215247.051:ERROR:process_memory_win.cc(73)] ReadMemory at 0x7ffacdfb0000 of 64 bytes failed: Only part of a ReadProcessMemory or WriteProcessMemory request was completed. (0x12B)
[0317/215247.051:WARNING:pe_image_reader.cc(302)] could not read dos header from C:\Windows\SYSTEM32\WINHTTP.dll
[0317/215247.051:ERROR:process_memory_win.cc(73)] ReadMemory at 0x7ffad1c80000 of 64 bytes failed: Only part of a ReadProcessMemory or WriteProcessMemory request was completed. (0x12B)
[0317/215247.051:WARNING:pe_image_reader.cc(302)] could not read dos header from C:\Windows\SYSTEM32\urlmon.dll
[0317/215247.051:ERROR:process_memory_win.cc(73)] ReadMemory at 0x7ffad7e70000 of 64 bytes failed: Only part of a ReadProcessMemory or WriteProcessMemory request was completed. (0x12B)
[0317/215247.051:WARNING:pe_image_reader.cc(302)] could not read dos header from C:\Windows\SYSTEM32\Secur32.dll
[0317/215247.051:ERROR:process_memory_win.cc(73)] ReadMemory at 0x7ffad48b0000 of 64 bytes failed: Only part of a ReadProcessMemory or WriteProcessMemory request was completed. (0x12B)
[0317/215247.051:WARNING:pe_image_reader.cc(302)] could not read dos header from C:\Windows\SYSTEM32\dhcpcsvc.DLL
[0317/215247.051:ERROR:process_memory_win.cc(73)] ReadMemory at 0x7ffaddb90000 of 64 bytes failed: Only part of a ReadProcessMemory or WriteProcessMemory request was completed. (0x12B)
[0317/215247.051:WARNING:pe_image_reader.cc(302)] could not read dos header from C:\Windows\system32\NSI.dll
[0317/215247.051:ERROR:process_memory_win.cc(73)] ReadMemory at 0x7ffad7cf0000 of 64 bytes failed: Only part of a ReadProcessMemory or WriteProcessMemory request was completed. (0x12B)
[0317/215247.051:WARNING:pe_image_reader.cc(302)] could not read dos header from C:\Windows\SYSTEM32\WINNSI.DLL
[0317/215247.051:ERROR:process_memory_win.cc(73)] ReadMemory at 0x7ffadb660000 of 64 bytes failed: Only part of a ReadProcessMemory or WriteProcessMemory request was completed. (0x12B)
[0317/215247.051:WARNING:pe_image_reader.cc(302)] could not read dos header from C:\Windows\system32\MSASN1.dll
[0317/215247.051:ERROR:process_memory_win.cc(73)] ReadMemory at 0x7ffad9150000 of 64 bytes failed: Only part of a ReadProcessMemory or WriteProcessMemory request was completed. (0x12B)
[0317/215247.051:WARNING:pe_image_reader.cc(302)] could not read dos header from C:\Windows\WinSxS\amd64_microsoft.windows.common-controls_6595b64144ccf1df_6.0.9600.18006_none_623f33d3ecbe86e8\COMCTL32.dll
[0317/215247.051:ERROR:process_memory_win.cc(73)] ReadMemory at 0x7ffad5000000 of 64 bytes failed: Only part of a ReadProcessMemory or WriteProcessMemory request was completed. (0x12B)
[0317/215247.051:WARNING:pe_image_reader.cc(302)] could not read dos header from C:\Windows\SYSTEM32\iertutil.dll
[0317/215247.051:ERROR:process_memory_win.cc(73)] ReadMemory at 0x7ffad52d0000 of 64 bytes failed: Only part of a ReadProcessMemory or WriteProcessMemory request was completed. (0x12B)
[0317/215247.051:WARNING:pe_image_reader.cc(302)] could not read dos header from C:\Windows\SYSTEM32\WININET.dll
[0317/215247.051:ERROR:process_memory_win.cc(73)] ReadMemory at 0x33d6b35000 of 45056 bytes failed: Only part of a ReadProcessMemory or WriteProcessMemory request was completed. (0x12B)
[0317/215247.051:ERROR:process_memory_win.cc(73)] ReadMemory at 0x33d92fe000 of 8192 bytes failed: Only part of a ReadProcessMemory or WriteProcessMemory request was completed. (0x12B)
[0317/215247.051:ERROR:process_memory_win.cc(73)] ReadMemory at 0x33d94fe000 of 8192 bytes failed: Only part of a ReadProcessMemory or WriteProcessMemory request was completed. (0x12B)
[0317/215247.051:ERROR:process_memory_win.cc(73)] ReadMemory at 0x33d96fd000 of 12288 bytes failed: Only part of a ReadProcessMemory or WriteProcessMemory request was completed. (0x12B)
[0317/215247.051:ERROR:process_memory_win.cc(73)] ReadMemory at 0x33d98fd000 of 12288 bytes failed: Only part of a ReadProcessMemory or WriteProcessMemory request was completed. (0x12B)
[0317/215247.051:ERROR:process_memory_win.cc(73)] ReadMemory at 0x33d9afd000 of 12288 bytes failed: Only part of a ReadProcessMemory or WriteProcessMemory request was completed. (0x12B)
[0317/215247.051:ERROR:process_memory_win.cc(73)] ReadMemory at 0x33d9cfd000 of 12288 bytes failed: Only part of a ReadProcessMemory or WriteProcessMemory request was completed. (0x12B)
[0317/215247.051:ERROR:process_memory_win.cc(73)] ReadMemory at 0x33d9efe000 of 8192 bytes failed: Only part of a ReadProcessMemory or WriteProcessMemory request was completed. (0x12B)
[0317/215247.051:ERROR:process_memory_win.cc(73)] ReadMemory at 0x33da0fe000 of 8192 bytes failed: Only part of a ReadProcessMemory or WriteProcessMemory request was completed. (0x12B)
[0317/215247.051:ERROR:process_memory_win.cc(73)] ReadMemory at 0x33da4fc000 of 16384 bytes failed: Only part of a ReadProcessMemory or WriteProcessMemory request was completed. (0x12B)
[0317/215247.051:ERROR:process_memory_win.cc(73)] ReadMemory at 0x33da6fe000 of 8192 bytes failed: Only part of a ReadProcessMemory or WriteProcessMemory request was completed. (0x12B)
[0317/215247.051:ERROR:process_memory_win.cc(73)] ReadMemory at 0x33da8fd000 of 12288 bytes failed: Only part of a ReadProcessMemory or WriteProcessMemory request was completed. (0x12B)
[0317/215247.051:ERROR:process_memory_win.cc(73)] ReadMemory at 0x33daafe000 of 8192 bytes failed: Only part of a ReadProcessMemory or WriteProcessMemory request was completed. (0x12B)
[0317/215247.051:ERROR:process_memory_win.cc(73)] ReadMemory at 0x33dacfe000 of 8192 bytes failed: Only part of a ReadProcessMemory or WriteProcessMemory request was completed. (0x12B)
[0317/215247.051:ERROR:process_memory_win.cc(73)] ReadMemory at 0x33daefd000 of 12288 bytes failed: Only part of a ReadProcessMemory or WriteProcessMemory request was completed. (0x12B)
[0317/215247.051:ERROR:process_memory_win.cc(73)] ReadMemory at 0x33db5aa000 of 24576 bytes failed: Only part of a ReadProcessMemory or WriteProcessMemory request was completed. (0x12B)
[0317/215247.051:ERROR:process_memory_win.cc(73)] ReadMemory at 0x33dbbae000 of 8192 bytes failed: Only part of a ReadProcessMemory or WriteProcessMemory request was completed. (0x12B)
[0317/215247.051:ERROR:process_memory_win.cc(73)] ReadMemory at 0x33dc38e000 of 8192 bytes failed: Only part of a ReadProcessMemory or WriteProcessMemory request was completed. (0x12B)
[0317/215247.051:ERROR:process_memory_win.cc(73)] ReadMemory at 0x33d6c907e0 of 62 bytes failed: Only part of a ReadProcessMemory or WriteProcessMemory request was completed. (0x12B)
[0317/215247.051:ERROR:process_memory_win.cc(73)] ReadMemory at 0x33d6c90860 of 7522 bytes failed: Only part of a ReadProcessMemory or WriteProcessMemory request was completed. (0x12B)
[0317/215247.051:ERROR:process_memory_win.cc(73)] ReadMemory at 0x33d6c925d0 of 1012 bytes failed: Only part of a ReadProcessMemory or WriteProcessMemory request was completed. (0x12B)
[0317/215247.051:ERROR:process_memory_win.cc(73)] ReadMemory at 0x33d6c92be8 of 118 bytes failed: Only part of a ReadProcessMemory or WriteProcessMemory request was completed. (0x12B)
[0317/215247.051:ERROR:process_memory_win.cc(73)] ReadMemory at 0x33d6c92c60 of 1420 bytes failed: Only part of a ReadProcessMemory or WriteProcessMemory request was completed. (0x12B)
[0317/215247.051:ERROR:process_memory_win.cc(73)] ReadMemory at 0x33d6c931ee of 118 bytes failed: Only part of a ReadProcessMemory or WriteProcessMemory request was completed. (0x12B)
[0317/215247.051:ERROR:process_memory_win.cc(73)] ReadMemory at 0x33d6c93266 of 102 bytes failed: Only part of a ReadProcessMemory or WriteProcessMemory request was completed. (0x12B)
[0317/215247.051:ERROR:process_memory_win.cc(73)] ReadMemory at 0x33d6c932e0 of 58 bytes failed: Only part of a ReadProcessMemory or WriteProcessMemory request was completed. (0x12B)
[0317/215247.051:ERROR:process_memory_win.cc(73)] ReadMemory at 0x33d6c933e0 of 132 bytes failed: Only part of a ReadProcessMemory or WriteProcessMemory request was completed. (0x12B)
[0317/215247.051:ERROR:process_memory_win.cc(73)] ReadMemory at 0x33d6c93560 of 132 bytes failed: Only part of a ReadProcessMemory or WriteProcessMemory request was completed. (0x12B)
[0317/215247.051:ERROR:process_memory_win.cc(73)] ReadMemory at 0x33d6c93770 of 126 bytes failed: Only part of a ReadProcessMemory or WriteProcessMemory request was completed. (0x12B)
[0317/215247.051:ERROR:process_memory_win.cc(73)] ReadMemory at 0x33d6c93a60 of 64 bytes failed: Only part of a ReadProcessMemory or WriteProcessMemory request was completed. (0x12B)
[0317/215247.051:ERROR:process_memory_win.cc(73)] ReadMemory at 0x33d6c93ab0 of 132 bytes failed: Only part of a ReadProcessMemory or WriteProcessMemory request was completed. (0x12B)
[0317/215247.051:ERROR:process_memory_win.cc(73)] ReadMemory at 0x33d6c93e20 of 68 bytes failed: Only part of a ReadProcessMemory or WriteProcessMemory request was completed. (0x12B)
[0317/215247.051:ERROR:process_memory_win.cc(73)] ReadMemory at 0x33d6c93e70 of 132 bytes failed: Only part of a ReadProcessMemory or WriteProcessMemory request was completed. (0x12B)
[0317/215247.051:ERROR:process_memory_win.cc(73)] ReadMemory at 0x33d6c94d10 of 154 bytes failed: Only part of a ReadProcessMemory or WriteProcessMemory request was completed. (0x12B)
[0317/215247.051:ERROR:process_memory_win.cc(73)] ReadMemory at 0x33d6c94dc0 of 132 bytes failed: Only part of a ReadProcessMemory or WriteProcessMemory request was completed. (0x12B)
[0317/215247.051:ERROR:process_memory_win.cc(73)] ReadMemory at 0x33d6c94ee0 of 62 bytes failed: Only part of a ReadProcessMemory or WriteProcessMemory request was completed. (0x12B)
[0317/215247.051:ERROR:process_memory_win.cc(73)] ReadMemory at 0x33d6c94f30 of 132 bytes failed: Only part of a ReadProcessMemory or WriteProcessMemory request was completed. (0x12B)
[0317/215247.051:ERROR:process_memory_win.cc(73)] ReadMemory at 0x33d6c95140 of 64 bytes failed: Only part of a ReadProcessMemory or WriteProcessMemory request was completed. (0x12B)
[0317/215247.051:ERROR:process_memory_win.cc(73)] ReadMemory at 0x33d6c95190 of 132 bytes failed: Only part of a ReadProcessMemory or WriteProcessMemory request was completed. (0x12B)
[0317/215247.067:ERROR:process_memory_win.cc(73)] ReadMemory at 0x33d6c953a0 of 60 bytes failed: Only part of a ReadProcessMemory or WriteProcessMemory request was completed. (0x12B)
[0317/215247.067:ERROR:process_memory_win.cc(73)] ReadMemory at 0x33d6c953f0 of 132 bytes failed: Only part of a ReadProcessMemory or WriteProcessMemory request was completed. (0x12B)
[0317/215247.067:ERROR:process_memory_win.cc(73)] ReadMemory at 0x33d6c982a0 of 132 bytes failed: Only part of a ReadProcessMemory or WriteProcessMemory request was completed. (0x12B)
[0317/215247.067:ERROR:process_memory_win.cc(73)] ReadMemory at 0x33d6c983c0 of 58 bytes failed: Only part of a ReadProcessMemory or WriteProcessMemory request was completed. (0x12B)
[0317/215247.067:ERROR:process_memory_win.cc(73)] ReadMemory at 0x33d6c98480 of 62 bytes failed: Only part of a ReadProcessMemory or WriteProcessMemory request was completed. (0x12B)
[0317/215247.067:ERROR:process_memory_win.cc(73)] ReadMemory at 0x33d6c984d0 of 132 bytes failed: Only part of a ReadProcessMemory or WriteProcessMemory request was completed. (0x12B)
[0317/215247.067:ERROR:process_memory_win.cc(73)] ReadMemory at 0x33d6c985f0 of 132 bytes failed: Only part of a ReadProcessMemory or WriteProcessMemory request was completed. (0x12B)
[0317/215247.067:ERROR:process_memory_win.cc(73)] ReadMemory at 0x33d6c99860 of 62 bytes failed: Only part of a ReadProcessMemory or WriteProcessMemory request was completed. (0x12B)
[0317/215247.067:ERROR:process_memory_win.cc(73)] ReadMemory at 0x33d6c998b0 of 132 bytes failed: Only part of a ReadProcessMemory or WriteProcessMemory request was completed. (0x12B)
[0317/215247.067:ERROR:process_memory_win.cc(73)] ReadMemory at 0x33d6c99dd0 of 132 bytes failed: Only part of a ReadProcessMemory or WriteProcessMemory request was completed. (0x12B)
[0317/215247.067:ERROR:process_memory_win.cc(73)] ReadMemory at 0x33d6c99f20 of 58 bytes failed: Only part of a ReadProcessMemory or WriteProcessMemory request was completed. (0x12B)
[0317/215247.067:ERROR:process_memory_win.cc(73)] ReadMemory at 0x33d6c9a830 of 60 bytes failed: Only part of a ReadProcessMemory or WriteProcessMemory request was completed. (0x12B)
[0317/215247.067:ERROR:process_memory_win.cc(73)] ReadMemory at 0x33d6c9a880 of 132 bytes failed: Only part of a ReadProcessMemory or WriteProcessMemory request was completed. (0x12B)
[0317/215247.067:ERROR:process_memory_win.cc(73)] ReadMemory at 0x33d6c9ab10 of 58 bytes failed: Only part of a ReadProcessMemory or WriteProcessMemory request was completed. (0x12B)
[0317/215247.067:ERROR:process_memory_win.cc(73)] ReadMemory at 0x33d6c9abb0 of 58 bytes failed: Only part of a ReadProcessMemory or WriteProcessMemory request was completed. (0x12B)
[0317/215247.067:ERROR:process_memory_win.cc(73)] ReadMemory at 0x33d6c9ac00 of 60 bytes failed: Only part of a ReadProcessMemory or WriteProcessMemory request was completed. (0x12B)
[0317/215247.067:ERROR:process_memory_win.cc(73)] ReadMemory at 0x33d6c9ac50 of 62 bytes failed: Only part of a ReadProcessMemory or WriteProcessMemory request was completed. (0x12B)
[0317/215247.067:ERROR:process_memory_win.cc(73)] ReadMemory at 0x33d6c9acf0 of 62 bytes failed: Only part of a ReadProcessMemory or WriteProcessMemory request was completed. (0x12B)
[0317/215247.067:ERROR:process_memory_win.cc(73)] ReadMemory at 0x33d6c9ad40 of 64 bytes failed: Only part of a ReadProcessMemory or WriteProcessMemory request was completed. (0x12B)
[0317/215247.068:ERROR:process_memory_win.cc(73)] ReadMemory at 0x33d6c9ae30 of 66 bytes failed: Only part of a ReadProcessMemory or WriteProcessMemory request was completed. (0x12B)
[0317/215247.068:ERROR:process_memory_win.cc(73)] ReadMemory at 0x33d6c9aed0 of 62 bytes failed: Only part of a ReadProcessMemory or WriteProcessMemory request was completed. (0x12B)
[0317/215247.068:ERROR:process_memory_win.cc(73)] ReadMemory at 0x33d6c9af20 of 60 bytes failed: Only part of a ReadProcessMemory or WriteProcessMemory request was completed. (0x12B)
[0317/215247.068:ERROR:process_memory_win.cc(73)] ReadMemory at 0x33d6c9afc0 of 62 bytes failed: Only part of a ReadProcessMemory or WriteProcessMemory request was completed. (0x12B)
[0317/215247.068:ERROR:process_memory_win.cc(73)] ReadMemory at 0x33d6c9b0b0 of 58 bytes failed: Only part of a ReadProcessMemory or WriteProcessMemory request was completed. (0x12B)
[0317/215247.068:ERROR:process_memory_win.cc(73)] ReadMemory at 0x33d6c9b150 of 66 bytes failed: Only part of a ReadProcessMemory or WriteProcessMemory request was completed. (0x12B)
[0317/215247.068:ERROR:process_memory_win.cc(73)] ReadMemory at 0x33d6c9b1e0 of 132 bytes failed: Only part of a ReadProcessMemory or WriteProcessMemory request was completed. (0x12B)
[0317/215247.068:ERROR:process_memory_win.cc(73)] ReadMemory at 0x33d6c9b770 of 132 bytes failed: Only part of a ReadProcessMemory or WriteProcessMemory request was completed. (0x12B)
[0317/215247.068:ERROR:process_memory_win.cc(73)] ReadMemory at 0x33d6c9b8d0 of 54 bytes failed: Only part of a ReadProcessMemory or WriteProcessMemory request was completed. (0x12B)
[0317/215247.068:ERROR:process_memory_win.cc(73)] ReadMemory at 0x33d6c9b950 of 132 bytes failed: Only part of a ReadProcessMemory or WriteProcessMemory request was completed. (0x12B)
[0317/215247.068:ERROR:process_memory_win.cc(73)] ReadMemory at 0x33d6c9bac0 of 132 bytes failed: Only part of a ReadProcessMemory or WriteProcessMemory request was completed. (0x12B)
[0317/215247.068:ERROR:process_memory_win.cc(73)] ReadMemory at 0x33d6c9bbe0 of 132 bytes failed: Only part of a ReadProcessMemory or WriteProcessMemory request was completed. (0x12B)
[0317/215247.068:ERROR:process_memory_win.cc(73)] ReadMemory at 0x33d6c9bd00 of 132 bytes failed: Only part of a ReadProcessMemory or WriteProcessMemory request was completed. (0x12B)
[0317/215247.068:ERROR:process_memory_win.cc(73)] ReadMemory at 0x33d6c9be20 of 132 bytes failed: Only part of a ReadProcessMemory or WriteProcessMemory request was completed. (0x12B)
[0317/215247.068:ERROR:process_memory_win.cc(73)] ReadMemory at 0x33d6c9bf40 of 132 bytes failed: Only part of a ReadProcessMemory or WriteProcessMemory request was completed. (0x12B)
[0317/215247.068:ERROR:process_memory_win.cc(73)] ReadMemory at 0x33d6c9c060 of 132 bytes failed: Only part of a ReadProcessMemory or WriteProcessMemory request was completed. (0x12B)
[0317/215247.068:ERROR:process_memory_win.cc(73)] ReadMemory at 0x33d6c9c180 of 132 bytes failed: Only part of a ReadProcessMemory or WriteProcessMemory request was completed. (0x12B)
[0317/215247.068:ERROR:process_memory_win.cc(73)] ReadMemory at 0x33d6c9c2a0 of 132 bytes failed: Only part of a ReadProcessMemory or WriteProcessMemory request was completed. (0x12B)
[0317/215247.068:ERROR:process_memory_win.cc(73)] ReadMemory at 0x33d6c9c3c0 of 132 bytes failed: Only part of a ReadProcessMemory or WriteProcessMemory request was completed. (0x12B)
[0317/215247.068:ERROR:process_memory_win.cc(73)] ReadMemory at 0x33d6c9c4e0 of 132 bytes failed: Only part of a ReadProcessMemory or WriteProcessMemory request was completed. (0x12B)
[0317/215247.068:ERROR:process_memory_win.cc(73)] ReadMemory at 0x33d6c9c600 of 132 bytes failed: Only part of a ReadProcessMemory or WriteProcessMemory request was completed. (0x12B)
[0317/215247.068:ERROR:process_memory_win.cc(73)] ReadMemory at 0x33d6c9c720 of 132 bytes failed: Only part of a ReadProcessMemory or WriteProcessMemory request was completed. (0x12B)
[0317/215247.068:ERROR:process_memory_win.cc(73)] ReadMemory at 0x33d6c9c840 of 132 bytes failed: Only part of a ReadProcessMemory or WriteProcessMemory request was completed. (0x12B)
[0317/215247.068:ERROR:process_memory_win.cc(73)] ReadMemory at 0x33d6c9d3e0 of 80 bytes failed: Only part of a ReadProcessMemory or WriteProcessMemory request was completed. (0x12B)
[0317/215247.068:ERROR:process_memory_win.cc(73)] ReadMemory at 0x33d6c9de00 of 158 bytes failed: Only part of a ReadProcessMemory or WriteProcessMemory request was completed. (0x12B)
[0317/215247.068:ERROR:process_memory_win.cc(73)] ReadMemory at 0x33d6ca0ba0 of 64 bytes failed: Only part of a ReadProcessMemory or WriteProcessMemory request was completed. (0x12B)
[0317/215247.069:ERROR:process_memory_win.cc(73)] ReadMemory at 0x33d6ca0e70 of 60 bytes failed: Only part of a ReadProcessMemory or WriteProcessMemory request was completed. (0x12B)
[0317/215247.069:ERROR:process_memory_win.cc(73)] ReadMemory at 0x33d6ca0ec0 of 56 bytes failed: Only part of a ReadProcessMemory or WriteProcessMemory request was completed. (0x12B)
[0317/215247.069:ERROR:process_memory_win.cc(73)] ReadMemory at 0x33d6ca0f10 of 58 bytes failed: Only part of a ReadProcessMemory or WriteProcessMemory request was completed. (0x12B)
[0317/215247.069:ERROR:process_memory_win.cc(73)] ReadMemory at 0x33d6ca0fb0 of 62 bytes failed: Only part of a ReadProcessMemory or WriteProcessMemory request was completed. (0x12B)
[0317/215247.069:ERROR:process_memory_win.cc(73)] ReadMemory at 0x33d6ca1000 of 60 bytes failed: Only part of a ReadProcessMemory or WriteProcessMemory request was completed. (0x12B)
[0317/215247.069:ERROR:process_memory_win.cc(73)] ReadMemory at 0x33d6ca10a0 of 60 bytes failed: Only part of a ReadProcessMemory or WriteProcessMemory request was completed. (0x12B)
[0317/215247.069:ERROR:process_memory_win.cc(73)] ReadMemory at 0x33d6ca11e0 of 64 bytes failed: Only part of a ReadProcessMemory or WriteProcessMemory request was completed. (0x12B)
[0317/215247.069:ERROR:process_memory_win.cc(73)] ReadMemory at 0x33d6ca1230 of 60 bytes failed: Only part of a ReadProcessMemory or WriteProcessMemory request was completed. (0x12B)
[0317/215247.069:ERROR:process_memory_win.cc(73)] ReadMemory at 0x33d6ca1280 of 64 bytes failed: Only part of a ReadProcessMemory or WriteProcessMemory request was completed. (0x12B)
[0317/215247.069:ERROR:process_memory_win.cc(73)] ReadMemory at 0x33d6ca1500 of 60 bytes failed: Only part of a ReadProcessMemory or WriteProcessMemory request was completed. (0x12B)
[0317/215247.069:ERROR:process_memory_win.cc(73)] ReadMemory at 0x33d6ca15f0 of 62 bytes failed: Only part of a ReadProcessMemory or WriteProcessMemory request was completed. (0x12B)
[0317/215247.069:ERROR:process_memory_win.cc(73)] ReadMemory at 0x33d6ca1640 of 64 bytes failed: Only part of a ReadProcessMemory or WriteProcessMemory request was completed. (0x12B)
[0317/215247.069:ERROR:process_memory_win.cc(73)] ReadMemory at 0x33d6ca1690 of 60 bytes failed: Only part of a ReadProcessMemory or WriteProcessMemory request was completed. (0x12B)
[0317/215247.069:ERROR:process_memory_win.cc(73)] ReadMemory at 0x33d6ca16e0 of 64 bytes failed: Only part of a ReadProcessMemory or WriteProcessMemory request was completed. (0x12B)
[0317/215247.069:ERROR:process_memory_win.cc(73)] ReadMemory at 0x33d6ca1730 of 62 bytes failed: Only part of a ReadProcessMemory or WriteProcessMemory request was completed. (0x12B)
[0317/215247.069:ERROR:process_memory_win.cc(73)] ReadMemory at 0x33d6ca1780 of 58 bytes failed: Only part of a ReadProcessMemory or WriteProcessMemory request was completed. (0x12B)
[0317/215247.069:ERROR:process_memory_win.cc(73)] ReadMemory at 0x33d6ca17d0 of 64 bytes failed: Only part of a ReadProcessMemory or WriteProcessMemory request was completed. (0x12B)
[0317/215247.069:ERROR:process_memory_win.cc(73)] ReadMemory at 0x33d6ca1820 of 62 bytes failed: Only part of a ReadProcessMemory or WriteProcessMemory request was completed. (0x12B)
[0317/215247.069:ERROR:process_memory_win.cc(73)] ReadMemory at 0x33d6ca1870 of 62 bytes failed: Only part of a ReadProcessMemory or WriteProcessMemory request was completed. (0x12B)
[0317/215247.069:ERROR:process_memory_win.cc(73)] ReadMemory at 0x33d6ca18c0 of 64 bytes failed: Only part of a ReadProcessMemory or WriteProcessMemory request was completed. (0x12B)
[0317/215247.069:ERROR:process_memory_win.cc(73)] ReadMemory at 0x33d6ca1910 of 60 bytes failed: Only part of a ReadProcessMemory or WriteProcessMemory request was completed. (0x12B)
[0317/215247.069:ERROR:process_memory_win.cc(73)] ReadMemory at 0x33d6ca4a40 of 248 bytes failed: Only part of a ReadProcessMemory or WriteProcessMemory request was completed. (0x12B)
[0317/215247.069:ERROR:process_memory_win.cc(73)] ReadMemory at 0x33d6ca7460 of 132 bytes failed: Only part of a ReadProcessMemory or WriteProcessMemory request was completed. (0x12B)
[0317/215247.070:ERROR:process_memory_win.cc(73)] ReadMemory at 0x33d6ca7580 of 132 bytes failed: Only part of a ReadProcessMemory or WriteProcessMemory request was completed. (0x12B)
[0317/215247.070:ERROR:process_memory_win.cc(73)] ReadMemory at 0x33d6ca7a00 of 132 bytes failed: Only part of a ReadProcessMemory or WriteProcessMemory request was completed. (0x12B)
[0317/215247.070:ERROR:process_memory_win.cc(73)] ReadMemory at 0x33d6ca7b20 of 132 bytes failed: Only part of a ReadProcessMemory or WriteProcessMemory request was completed. (0x12B)
[0317/215247.070:ERROR:process_memory_win.cc(73)] ReadMemory at 0x33d6ca7d60 of 132 bytes failed: Only part of a ReadProcessMemory or WriteProcessMemory request was completed. (0x12B)
[0317/215247.070:ERROR:process_memory_win.cc(73)] ReadMemory at 0x33d6ca7e80 of 132 bytes failed: Only part of a ReadProcessMemory or WriteProcessMemory request was completed. (0x12B)
[0317/215247.070:ERROR:process_memory_win.cc(73)] ReadMemory at 0x33d6ca80c0 of 132 bytes failed: Only part of a ReadProcessMemory or WriteProcessMemory request was completed. (0x12B)
[0317/215247.070:ERROR:process_memory_win.cc(73)] ReadMemory at 0x33d6ca81e0 of 132 bytes failed: Only part of a ReadProcessMemory or WriteProcessMemory request was completed. (0x12B)
[0317/215247.070:ERROR:process_memory_win.cc(73)] ReadMemory at 0x33d6ca8300 of 132 bytes failed: Only part of a ReadProcessMemory or WriteProcessMemory request was completed. (0x12B)
[0317/215247.070:ERROR:process_memory_win.cc(73)] ReadMemory at 0x33d6ca8420 of 132 bytes failed: Only part of a ReadProcessMemory or WriteProcessMemory request was completed. (0x12B)
[0317/215247.070:ERROR:process_memory_win.cc(73)] ReadMemory at 0x33d6ca8540 of 132 bytes failed: Only part of a ReadProcessMemory or WriteProcessMemory request was completed. (0x12B)
[0317/215247.070:ERROR:process_memory_win.cc(73)] ReadMemory at 0x33d6ca8660 of 132 bytes failed: Only part of a ReadProcessMemory or WriteProcessMemory request was completed. (0x12B)
[0317/215247.070:ERROR:process_memory_win.cc(73)] ReadMemory at 0x33d6ca8780 of 132 bytes failed: Only part of a ReadProcessMemory or WriteProcessMemory request was completed. (0x12B)
[0317/215247.070:ERROR:process_memory_win.cc(73)] ReadMemory at 0x33d6ca88a0 of 132 bytes failed: Only part of a ReadProcessMemory or WriteProcessMemory request was completed. (0x12B)
[0317/215247.070:ERROR:process_memory_win.cc(73)] ReadMemory at 0x33d6ca89c0 of 132 bytes failed: Only part of a ReadProcessMemory or WriteProcessMemory request was completed. (0x12B)
[0317/215247.070:ERROR:process_memory_win.cc(73)] ReadMemory at 0x33d6ca8ae0 of 132 bytes failed: Only part of a ReadProcessMemory or WriteProcessMemory request was completed. (0x12B)
[0317/215247.070:ERROR:process_memory_win.cc(73)] ReadMemory at 0x33d6ca8c00 of 132 bytes failed: Only part of a ReadProcessMemory or WriteProcessMemory request was completed. (0x12B)
[0317/215247.070:ERROR:process_memory_win.cc(73)] ReadMemory at 0x33d6ca8d20 of 132 bytes failed: Only part of a ReadProcessMemory or WriteProcessMemory request was completed. (0x12B)
[0317/215247.070:ERROR:process_memory_win.cc(73)] ReadMemory at 0x33d6ca8e40 of 132 bytes failed: Only part of a ReadProcessMemory or WriteProcessMemory request was completed. (0x12B)
[0317/215247.070:ERROR:process_memory_win.cc(73)] ReadMemory at 0x33d6ca8f60 of 132 bytes failed: Only part of a ReadProcessMemory or WriteProcessMemory request was completed. (0x12B)
[0317/215247.070:ERROR:process_memory_win.cc(73)] ReadMemory at 0x33d6ca9080 of 132 bytes failed: Only part of a ReadProcessMemory or WriteProcessMemory request was completed. (0x12B)
[0317/215247.070:ERROR:process_memory_win.cc(73)] ReadMemory at 0x33d6ca91a0 of 132 bytes failed: Only part of a ReadProcessMemory or WriteProcessMemory request was completed. (0x12B)
[0317/215247.070:ERROR:process_memory_win.cc(73)] ReadMemory at 0x33d6cb3640 of 896 bytes failed: Only part of a ReadProcessMemory or WriteProcessMemory request was completed. (0x12B)
[0317/215247.070:ERROR:process_memory_win.cc(73)] ReadMemory at 0x33d6cb40a0 of 512 bytes failed: Only part of a ReadProcessMemory or WriteProcessMemory request was completed. (0x12B)
[0317/215247.070:ERROR:process_memory_win.cc(73)] ReadMemory at 0x33d70b0c40 of 512 bytes failed: Only part of a ReadProcessMemory or WriteProcessMemory request was completed. (0x12B)
[0317/215247.070:ERROR:process_memory_win.cc(73)] ReadMemory at 0x33d70b0f40 of 512 bytes failed: Only part of a ReadProcessMemory or WriteProcessMemory request was completed. (0x12B)
[0317/215247.070:ERROR:process_memory_win.cc(73)] ReadMemory at 0x33d70b1180 of 544 bytes failed: Only part of a ReadProcessMemory or WriteProcessMemory request was completed. (0x12B)
[0317/215247.070:ERROR:process_memory_win.cc(73)] ReadMemory at 0x33d73203a8 of 512 bytes failed: Only part of a ReadProcessMemory or WriteProcessMemory request was completed. (0x12B)
[0317/215247.071:ERROR:process_memory_win.cc(73)] ReadMemory at 0x33d73312a0 of 512 bytes failed: Only part of a ReadProcessMemory or WriteProcessMemory request was completed. (0x12B)
[0317/215247.071:ERROR:process_memory_win.cc(73)] ReadMemory at 0x33d73322a0 of 512 bytes failed: Only part of a ReadProcessMemory or WriteProcessMemory request was completed. (0x12B)
[0317/215247.071:ERROR:process_memory_win.cc(73)] ReadMemory at 0x33d7335e30 of 512 bytes failed: Only part of a ReadProcessMemory or WriteProcessMemory request was completed. (0x12B)
[0317/215247.071:ERROR:process_memory_win.cc(73)] ReadMemory at 0x33d7340270 of 512 bytes failed: Only part of a ReadProcessMemory or WriteProcessMemory request was completed. (0x12B)
[0317/215247.071:ERROR:process_memory_win.cc(73)] ReadMemory at 0x33d7340c70 of 512 bytes failed: Only part of a ReadProcessMemory or WriteProcessMemory request was completed. (0x12B)
[0317/215247.071:ERROR:process_memory_win.cc(73)] ReadMemory at 0x33d7344e90 of 512 bytes failed: Only part of a ReadProcessMemory or WriteProcessMemory request was completed. (0x12B)
[0317/215247.071:ERROR:process_memory_win.cc(73)] ReadMemory at 0x33d7345890 of 512 bytes failed: Only part of a ReadProcessMemory or WriteProcessMemory request was completed. (0x12B)
[0317/215247.071:ERROR:process_memory_win.cc(73)] ReadMemory at 0x33d7350768 of 512 bytes failed: Only part of a ReadProcessMemory or WriteProcessMemory request was completed. (0x12B)
[0317/215247.071:ERROR:process_memory_win.cc(73)] ReadMemory at 0x33d7351410 of 512 bytes failed: Only part of a ReadProcessMemory or WriteProcessMemory request was completed. (0x12B)
[0317/215247.071:ERROR:process_memory_win.cc(73)] ReadMemory at 0x33d7360080 of 696 bytes failed: Only part of a ReadProcessMemory or WriteProcessMemory request was completed. (0x12B)
[0317/215247.071:ERROR:process_memory_win.cc(73)] ReadMemory at 0x33d7364830 of 512 bytes failed: Only part of a ReadProcessMemory or WriteProcessMemory request was completed. (0x12B)
[0317/215247.071:ERROR:process_memory_win.cc(73)] ReadMemory at 0x33d736ad50 of 512 bytes failed: Only part of a ReadProcessMemory or WriteProcessMemory request was completed. (0x12B)
[0317/215247.071:ERROR:process_memory_win.cc(73)] ReadMemory at 0x33d736ca70 of 512 bytes failed: Only part of a ReadProcessMemory or WriteProcessMemory request was completed. (0x12B)
[0317/215247.071:ERROR:process_memory_win.cc(73)] ReadMemory at 0x33d7378380 of 512 bytes failed: Only part of a ReadProcessMemory or WriteProcessMemory request was completed. (0x12B)
[0317/215247.071:ERROR:process_memory_win.cc(73)] ReadMemory at 0x33d748b310 of 512 bytes failed: Only part of a ReadProcessMemory or WriteProcessMemory request was completed. (0x12B)
[0317/215247.071:ERROR:process_memory_win.cc(73)] ReadMemory at 0x33da134a20 of 512 bytes failed: Only part of a ReadProcessMemory or WriteProcessMemory request was completed. (0x12B)
[0317/215247.072:ERROR:process_memory_win.cc(73)] ReadMemory at 0x33da159f50 of 512 bytes failed: Only part of a ReadProcessMemory or WriteProcessMemory request was completed. (0x12B)
[0317/215247.072:ERROR:process_memory_win.cc(73)] ReadMemory at 0x33da15df50 of 512 bytes failed: Only part of a ReadProcessMemory or WriteProcessMemory request was completed. (0x12B)
[0317/215247.072:ERROR:process_memory_win.cc(73)] ReadMemory at 0x33da16eff0 of 512 bytes failed: Only part of a ReadProcessMemory or WriteProcessMemory request was completed. (0x12B)
[0317/215247.072:ERROR:process_memory_win.cc(73)] ReadMemory at 0x33da22ff70 of 512 bytes failed: Only part of a ReadProcessMemory or WriteProcessMemory request was completed. (0x12B)
[0317/215247.072:ERROR:process_memory_win.cc(73)] ReadMemory at 0x33da234b20 of 512 bytes failed: Only part of a ReadProcessMemory or WriteProcessMemory request was completed. (0x12B)
[0317/215247.072:ERROR:process_memory_win.cc(73)] ReadMemory at 0x33da262270 of 512 bytes failed: Only part of a ReadProcessMemory or WriteProcessMemory request was completed. (0x12B)
[0317/215247.072:ERROR:process_memory_win.cc(73)] ReadMemory at 0x33da292d81 of 512 bytes failed: Only part of a ReadProcessMemory or WriteProcessMemory request was completed. (0x12B)
[0317/215247.072:ERROR:process_memory_win.cc(73)] ReadMemory at 0x33da2b4ac0 of 512 bytes failed: Only part of a ReadProcessMemory or WriteProcessMemory request was completed. (0x12B)
[0317/215247.072:ERROR:process_memory_win.cc(73)] ReadMemory at 0x33da2b8a18 of 512 bytes failed: Only part of a ReadProcessMemory or WriteProcessMemory request was completed. (0x12B)
[0317/215247.072:ERROR:process_memory_win.cc(73)] ReadMemory at 0x33da2bdf80 of 512 bytes failed: Only part of a ReadProcessMemory or WriteProcessMemory request was completed. (0x12B)
[0317/215247.072:ERROR:process_memory_win.cc(73)] ReadMemory at 0x33da2d3c50 of 512 bytes failed: Only part of a ReadProcessMemory or WriteProcessMemory request was completed. (0x12B)
[0317/215247.072:ERROR:process_memory_win.cc(73)] ReadMemory at 0x33db63c5b0 of 512 bytes failed: Only part of a ReadProcessMemory or WriteProcessMemory request was completed. (0x12B)
[0317/215247.072:ERROR:process_memory_win.cc(73)] ReadMemory at 0x7ff7f7868000 of 6024 bytes failed: Only part of a ReadProcessMemory or WriteProcessMemory request was completed. (0x12B)
[0317/215247.072:ERROR:process_memory_win.cc(73)] ReadMemory at 0x7ff7f786a000 of 6024 bytes failed: Only part of a ReadProcessMemory or WriteProcessMemory request was completed. (0x12B)
[0317/215247.072:ERROR:process_memory_win.cc(73)] ReadMemory at 0x7ff7f786c000 of 6024 bytes failed: Only part of a ReadProcessMemory or WriteProcessMemory request was completed. (0x12B)
[0317/215247.072:ERROR:process_memory_win.cc(73)] ReadMemory at 0x7ff7f786e000 of 6024 bytes failed: Only part of a ReadProcessMemory or WriteProcessMemory request was completed. (0x12B)
[0317/215247.073:ERROR:process_memory_win.cc(73)] ReadMemory at 0x7ff7f7870000 of 6024 bytes failed: Only part of a ReadProcessMemory or WriteProcessMemory request was completed. (0x12B)
[0317/215247.073:ERROR:process_memory_win.cc(73)] ReadMemory at 0x7ff7f7872000 of 6024 bytes failed: Only part of a ReadProcessMemory or WriteProcessMemory request was completed. (0x12B)
[0317/215247.073:ERROR:process_memory_win.cc(73)] ReadMemory at 0x7ff7f7874000 of 6024 bytes failed: Only part of a ReadProcessMemory or WriteProcessMemory request was completed. (0x12B)
[0317/215247.073:ERROR:process_memory_win.cc(73)] ReadMemory at 0x7ff7f7876000 of 6024 bytes failed: Only part of a ReadProcessMemory or WriteProcessMemory request was completed. (0x12B)
[0317/215247.073:ERROR:process_memory_win.cc(73)] ReadMemory at 0x7ff7f7878000 of 6024 bytes failed: Only part of a ReadProcessMemory or WriteProcessMemory request was completed. (0x12B)
[0317/215247.073:ERROR:process_memory_win.cc(73)] ReadMemory at 0x7ff7f787a000 of 6024 bytes failed: Only part of a ReadProcessMemory or WriteProcessMemory request was completed. (0x12B)
[0317/215247.073:ERROR:process_memory_win.cc(73)] ReadMemory at 0x7ff7f787c000 of 6024 bytes failed: Only part of a ReadProcessMemory or WriteProcessMemory request was completed. (0x12B)
[0317/215247.073:ERROR:process_memory_win.cc(73)] ReadMemory at 0x7ff7f787e000 of 6024 bytes failed: Only part of a ReadProcessMemory or WriteProcessMemory request was completed. (0x12B)
[0317/215247.074:ERROR:process_memory_win.cc(73)] ReadMemory at 0x7ff7f79a3000 of 6024 bytes failed: Only part of a ReadProcessMemory or WriteProcessMemory request was completed. (0x12B)
[0317/215247.074:ERROR:process_memory_win.cc(73)] ReadMemory at 0x7ff7f79a5000 of 6024 bytes failed: Only part of a ReadProcessMemory or WriteProcessMemory request was completed. (0x12B)
[0317/215247.074:ERROR:process_memory_win.cc(73)] ReadMemory at 0x7ff7f79a7000 of 6024 bytes failed: Only part of a ReadProcessMemory or WriteProcessMemory request was completed. (0x12B)
[0317/215247.074:ERROR:process_memory_win.cc(73)] ReadMemory at 0x7ff7f79a9000 of 852 bytes failed: Only part of a ReadProcessMemory or WriteProcessMemory request was completed. (0x12B)
[0317/215247.074:ERROR:process_memory_win.cc(73)] ReadMemory at 0x7ff7f79aa000 of 6024 bytes failed: Only part of a ReadProcessMemory or WriteProcessMemory request was completed. (0x12B)
[0317/215247.074:ERROR:process_memory_win.cc(73)] ReadMemory at 0x7ff7f79ac000 of 6024 bytes failed: Only part of a ReadProcessMemory or WriteProcessMemory request was completed. (0x12B)
[0317/215247.074:ERROR:process_memory_win.cc(73)] ReadMemory at 0x7ff7f79ae000 of 6024 bytes failed: Only part of a ReadProcessMemory or WriteProcessMemory request was completed. (0x12B)
[0317/215247.074:ERROR:process_memory_win.cc(73)] ReadMemory at 0x7ffa9e46eec2 of 512 bytes failed: Only part of a ReadProcessMemory or WriteProcessMemory request was completed. (0x12B)
[0317/215247.074:ERROR:process_memory_win.cc(73)] ReadMemory at 0x7ffaa2baef10 of 512 bytes failed: Only part of a ReadProcessMemory or WriteProcessMemory request was completed. (0x12B)
[0317/215247.075:ERROR:process_memory_win.cc(73)] ReadMemory at 0x7ffaa2eea810 of 512 bytes failed: Only part of a ReadProcessMemory or WriteProcessMemory request was completed. (0x12B)
[0317/215247.075:ERROR:process_memory_win.cc(73)] ReadMemory at 0x7ffad7a12c9a of 512 bytes failed: Only part of a ReadProcessMemory or WriteProcessMemory request was completed. (0x12B)
[0317/215247.075:ERROR:process_memory_win.cc(73)] ReadMemory at 0x7ffadb81927c of 512 bytes failed: Only part of a ReadProcessMemory or WriteProcessMemory request was completed. (0x12B)
[0317/215247.075:ERROR:process_memory_win.cc(73)] ReadMemory at 0x7ffade340fb0 of 512 bytes failed: Only part of a ReadProcessMemory or WriteProcessMemory request was completed. (0x12B)
[0317/215247.075:ERROR:process_memory_win.cc(73)] ReadMemory at 0x7ffade4895e0 of 18 bytes failed: Only part of a ReadProcessMemory or WriteProcessMemory request was completed. (0x12B)
[0317/215247.075:ERROR:process_memory_win.cc(73)] ReadMemory at 0x7ffade49c4f0 of 512 bytes failed: Only part of a ReadProcessMemory or WriteProcessMemory request was completed. (0x12B)
[0317/215247.075:ERROR:process_memory_win.cc(73)] ReadMemory at 0x7ffade4bacd0 of 512 bytes failed: Only part of a ReadProcessMemory or WriteProcessMemory request was completed. (0x12B)
[0317/215247.075:ERROR:process_memory_win.cc(73)] ReadMemory at 0x7ffade4bb5f0 of 512 bytes failed: Only part of a ReadProcessMemory or WriteProcessMemory request was completed. (0x12B)
[0317/215247.075:ERROR:process_memory_win.cc(73)] ReadMemory at 0x7ffade51071a of 592 bytes failed: Only part of a ReadProcessMemory or WriteProcessMemory request was completed. (0x12B)
[0317/215247.075:ERROR:process_memory_win.cc(73)] ReadMemory at 0x7ffade510a1a of 512 bytes failed: Only part of a ReadProcessMemory or WriteProcessMemory request was completed. (0x12B)
[0317/215247.075:ERROR:process_memory_win.cc(73)] ReadMemory at 0x7ffade51219a of 560 bytes failed: Only part of a ReadProcessMemory or WriteProcessMemory request was completed. (0x12B)
[0317/215247.075:ERROR:process_memory_win.cc(73)] ReadMemory at 0x7ffade5ae8a8 of 40 bytes failed: Only part of a ReadProcessMemory or WriteProcessMemory request was completed. (0x12B)
[0317/215247.075:ERROR:process_memory_win.cc(73)] ReadMemory at 0x7ffade5aebe0 of 48 bytes failed: Only part of a ReadProcessMemory or WriteProcessMemory request was completed. (0x12B)
[0317/215247.075:ERROR:process_memory_win.cc(73)] ReadMemory at 0x7ffade5b1320 of 64 bytes failed: Only part of a ReadProcessMemory or WriteProcessMemory request was completed. (0x12B)
[0317/215247.089:ERROR:file_io_win.cc(161)] CreateFile C:\Users\BETHL_~1\AppData\Local\Temp\scoped_dir13536_7662\Crashpad\settings.dat: The system cannot find the file specified. (0x2)
[0317/215247.089:ERROR:scoped_process_suspend.cc(40)] NtResumeProcess: An attempt was made to access an exiting process. (0xc000010a)
